<?xml version="1.0" encoding="UTF-8"?>
<!-- Generated by org.testng.reporters.JUnitReportReporter -->
<testsuite hostname="Saer-Ubutu32" name="exercises.gui.conversorTest" tests="2" failures="0" timestamp="18 Oct 2016 12:55:23 GMT" time="0.012" errors="0">
  <testcase name="testRadiensToDegrees" time="0.012" classname="exercises.gui.conversorTest"/>
  <testcase name="testDegreesToRadiens" time="0.000" classname="exercises.gui.conversorTest"/>
</testsuite> <!-- exercises.gui.conversorTest -->
